Determining if the function sgemm_ exists failed with the following output:
Change Dir: /home/alex/qi3/ce_numerics/kernel/numerics/examples/example_27/build/CMakeFiles/CMakeTmp

Run Build Command(s):/usr/bin/make -f Makefile cmTC_b8961/fast && /usr/bin/make  -f CMakeFiles/cmTC_b8961.dir/build.make CMakeFiles/cmTC_b8961.dir/build
make[1]: Entering directory '/home/alex/qi3/ce_numerics/kernel/numerics/examples/example_27/build/CMakeFiles/CMakeTmp'
Building CXX object CMakeFiles/cmTC_b8961.dir/CheckFunctionExists.cxx.o
/usr/bin/c++   -DCHECK_FUNCTION_EXISTS=sgemm_ -o CMakeFiles/cmTC_b8961.dir/CheckFunctionExists.cxx.o -c /home/alex/qi3/ce_numerics/kernel/numerics/examples/example_27/build/CMakeFiles/CheckFunctionExists/CheckFunctionExists.cxx
Linking CXX executable cmTC_b8961
/snap/cmake/858/bin/cmake -E cmake_link_script CMakeFiles/cmTC_b8961.dir/link.txt --verbose=1
/usr/bin/c++  -DCHECK_FUNCTION_EXISTS=sgemm_ -rdynamic CMakeFiles/cmTC_b8961.dir/CheckFunctionExists.cxx.o -o cmTC_b8961 
/usr/bin/ld: CMakeFiles/cmTC_b8961.dir/CheckFunctionExists.cxx.o: in function `main':
CheckFunctionExists.cxx:(.text+0x14): undefined reference to `sgemm_'
collect2: error: ld returned 1 exit status
make[1]: *** [CMakeFiles/cmTC_b8961.dir/build.make:99: cmTC_b8961] Error 1
make[1]: Leaving directory '/home/alex/qi3/ce_numerics/kernel/numerics/examples/example_27/build/CMakeFiles/CMakeTmp'
make: *** [Makefile:127: cmTC_b8961/fast] Error 2



Performing C++ SOURCE FILE Test CMAKE_HAVE_LIBC_PTHREAD failed with the following output:
Change Dir: /home/alex/qi3/ce_numerics/kernel/numerics/examples/example_27/build/CMakeFiles/CMakeTmp

Run Build Command(s):/usr/bin/make -f Makefile cmTC_fda06/fast && /usr/bin/make  -f CMakeFiles/cmTC_fda06.dir/build.make CMakeFiles/cmTC_fda06.dir/build
make[1]: Entering directory '/home/alex/qi3/ce_numerics/kernel/numerics/examples/example_27/build/CMakeFiles/CMakeTmp'
Building CXX object CMakeFiles/cmTC_fda06.dir/src.cxx.o
/usr/bin/c++ -DCMAKE_HAVE_LIBC_PTHREAD   -o CMakeFiles/cmTC_fda06.dir/src.cxx.o -c /home/alex/qi3/ce_numerics/kernel/numerics/examples/example_27/build/CMakeFiles/CMakeTmp/src.cxx
Linking CXX executable cmTC_fda06
/snap/cmake/858/bin/cmake -E cmake_link_script CMakeFiles/cmTC_fda06.dir/link.txt --verbose=1
/usr/bin/c++ -rdynamic CMakeFiles/cmTC_fda06.dir/src.cxx.o -o cmTC_fda06 
/usr/bin/ld: CMakeFiles/cmTC_fda06.dir/src.cxx.o: in function `main':
src.cxx:(.text+0x46): undefined reference to `pthread_create'
/usr/bin/ld: src.cxx:(.text+0x52): undefined reference to `pthread_detach'
/usr/bin/ld: src.cxx:(.text+0x5e): undefined reference to `pthread_cancel'
/usr/bin/ld: src.cxx:(.text+0x6f): undefined reference to `pthread_join'
collect2: error: ld returned 1 exit status
make[1]: *** [CMakeFiles/cmTC_fda06.dir/build.make:99: cmTC_fda06] Error 1
make[1]: Leaving directory '/home/alex/qi3/ce_numerics/kernel/numerics/examples/example_27/build/CMakeFiles/CMakeTmp'
make: *** [Makefile:127: cmTC_fda06/fast] Error 2


Source file was:
#include <pthread.h>

static void* test_func(void* data)
{
  return data;
}

int main(void)
{
  pthread_t thread;
  pthread_create(&thread, NULL, test_func, NULL);
  pthread_detach(thread);
  pthread_cancel(thread);
  pthread_join(thread, NULL);
  pthread_atfork(NULL, NULL, NULL);
  pthread_exit(NULL);

  return 0;
}

Determining if the function pthread_create exists in the pthreads failed with the following output:
Change Dir: /home/alex/qi3/ce_numerics/kernel/numerics/examples/example_27/build/CMakeFiles/CMakeTmp

Run Build Command(s):/usr/bin/make -f Makefile cmTC_7851e/fast && /usr/bin/make  -f CMakeFiles/cmTC_7851e.dir/build.make CMakeFiles/cmTC_7851e.dir/build
make[1]: Entering directory '/home/alex/qi3/ce_numerics/kernel/numerics/examples/example_27/build/CMakeFiles/CMakeTmp'
Building CXX object CMakeFiles/cmTC_7851e.dir/CheckFunctionExists.cxx.o
/usr/bin/c++   -DCHECK_FUNCTION_EXISTS=pthread_create -o CMakeFiles/cmTC_7851e.dir/CheckFunctionExists.cxx.o -c /home/alex/qi3/ce_numerics/kernel/numerics/examples/example_27/build/CMakeFiles/CheckLibraryExists/CheckFunctionExists.cxx
Linking CXX executable cmTC_7851e
/snap/cmake/858/bin/cmake -E cmake_link_script CMakeFiles/cmTC_7851e.dir/link.txt --verbose=1
/usr/bin/c++  -DCHECK_FUNCTION_EXISTS=pthread_create -rdynamic CMakeFiles/cmTC_7851e.dir/CheckFunctionExists.cxx.o -o cmTC_7851e  -lpthreads 
/usr/bin/ld: cannot find -lpthreads
collect2: error: ld returned 1 exit status
make[1]: *** [CMakeFiles/cmTC_7851e.dir/build.make:99: cmTC_7851e] Error 1
make[1]: Leaving directory '/home/alex/qi3/ce_numerics/kernel/numerics/examples/example_27/build/CMakeFiles/CMakeTmp'
make: *** [Makefile:127: cmTC_7851e/fast] Error 2



